2023-03-15 08:31:18.861 +05:30 [INF] User profile is available. Using 'C:\Users\INDUJA\AppData\Local\ASP.NET\DataProtection-Keys' as key repository and Windows DPAPI to encrypt keys at rest.
2023-03-15 08:31:18.907 +05:30 [INF] Now listening on: http://localhost:5170
2023-03-15 08:31:18.909 +05:30 [INF] Application started. Press Ctrl+C to shut down.
2023-03-15 08:31:18.909 +05:30 [INF] Hosting environment: Development
2023-03-15 08:31:18.909 +05:30 [INF] Content root path: C:\Users\INDUJA\OneDrive\Desktop\entityframe\appDup1\Travel\Application
2023-03-15 08:31:19.073 +05:30 [INF] Request starting HTTP/1.1 GET http://localhost:5170/ - -
2023-03-15 08:31:19.114 +05:30 [WRN] Failed to determine the https port for redirect.
2023-03-15 08:31:19.171 +05:30 [INF] Executing endpoint 'Application.Controllers.HomeController.Index (Application)'
2023-03-15 08:31:19.206 +05:30 [INF] Route matched with {action = "Index", controller = "Home"}. Executing controller action with signature Microsoft.AspNetCore.Mvc.IActionResult Index() on controller Application.Controllers.HomeController (Application).
2023-03-15 08:31:19.219 +05:30 [INF] Executing ViewResult, running view Index.
2023-03-15 08:31:19.288 +05:30 [INF] Executed ViewResult - view Index executed in 75.4453ms.
2023-03-15 08:31:19.289 +05:30 [INF] Executed action Application.Controllers.HomeController.Index (Application) in 82.7816ms
2023-03-15 08:31:19.289 +05:30 [INF] Executed endpoint 'Application.Controllers.HomeController.Index (Application)'
2023-03-15 08:31:19.297 +05:30 [INF] Request finished HTTP/1.1 GET http://localhost:5170/ - - - 200 - text/html;+charset=utf-8 228.6328ms
2023-03-15 08:31:19.324 +05:30 [INF] Request starting HTTP/1.1 GET http://localhost:5170/_framework/aspnetcore-browser-refresh.js - -
2023-03-15 08:31:19.326 +05:30 [INF] Request finished HTTP/1.1 GET http://localhost:5170/_framework/aspnetcore-browser-refresh.js - - - 200 11966 application/javascript;+charset=utf-8 1.5444ms
2023-03-15 08:31:21.501 +05:30 [INF] Request starting HTTP/1.1 GET http://localhost:5170/MultiLogin - -
2023-03-15 08:31:21.505 +05:30 [INF] Executing endpoint 'Application.Controllers.MultiLogin.Index (Application)'
2023-03-15 08:31:21.509 +05:30 [INF] Route matched with {action = "Index", controller = "MultiLogin"}. Executing controller action with signature Microsoft.AspNetCore.Mvc.IActionResult Index() on controller Application.Controllers.MultiLogin (Application).
2023-03-15 08:31:21.512 +05:30 [INF] Executing ViewResult, running view Index.
2023-03-15 08:31:21.521 +05:30 [INF] Executed ViewResult - view Index executed in 10.5407ms.
2023-03-15 08:31:21.521 +05:30 [INF] Executed action Application.Controllers.MultiLogin.Index (Application) in 12.0112ms
2023-03-15 08:31:21.521 +05:30 [INF] Executed endpoint 'Application.Controllers.MultiLogin.Index (Application)'
2023-03-15 08:31:21.521 +05:30 [INF] Request finished HTTP/1.1 GET http://localhost:5170/MultiLogin - - - 200 - text/html;+charset=utf-8 20.8926ms
2023-03-15 08:31:21.581 +05:30 [INF] Request starting HTTP/1.1 GET http://localhost:5170/_framework/aspnetcore-browser-refresh.js - -
2023-03-15 08:31:21.582 +05:30 [INF] Request finished HTTP/1.1 GET http://localhost:5170/_framework/aspnetcore-browser-refresh.js - - - 200 11966 application/javascript;+charset=utf-8 0.4078ms
2023-03-15 08:31:22.652 +05:30 [INF] Request starting HTTP/1.1 GET http://localhost:5170/Employee/LoginEmployee - -
2023-03-15 08:31:22.654 +05:30 [INF] Executing endpoint 'Application.Controllers.EmployeeController.LoginEmployee (Application)'
2023-03-15 08:31:22.655 +05:30 [INF] Route matched with {action = "LoginEmployee", controller = "Employee"}. Executing controller action with signature Microsoft.AspNetCore.Mvc.IActionResult LoginEmployee() on controller Application.Controllers.EmployeeController (Application).
2023-03-15 08:31:22.658 +05:30 [INF] Executing ViewResult, running view LoginEmployee.
2023-03-15 08:31:22.721 +05:30 [INF] Executed ViewResult - view LoginEmployee executed in 63.9332ms.
2023-03-15 08:31:22.723 +05:30 [INF] Executed action Application.Controllers.EmployeeController.LoginEmployee (Application) in 67.6496ms
2023-03-15 08:31:22.723 +05:30 [INF] Executed endpoint 'Application.Controllers.EmployeeController.LoginEmployee (Application)'
2023-03-15 08:31:22.723 +05:30 [INF] Request finished HTTP/1.1 GET http://localhost:5170/Employee/LoginEmployee - - - 200 - text/html;+charset=utf-8 71.2709ms
2023-03-15 08:31:22.730 +05:30 [INF] Request starting HTTP/1.1 GET http://localhost:5170/_framework/aspnetcore-browser-refresh.js - -
2023-03-15 08:31:22.730 +05:30 [INF] Request finished HTTP/1.1 GET http://localhost:5170/_framework/aspnetcore-browser-refresh.js - - - 200 11966 application/javascript;+charset=utf-8 0.2686ms
2023-03-15 08:31:28.597 +05:30 [INF] Request starting HTTP/1.1 POST http://localhost:5170/Employee/LoginEmployee application/x-www-form-urlencoded 259
2023-03-15 08:31:28.597 +05:30 [INF] Executing endpoint 'Application.Controllers.EmployeeController.LoginEmployee (Application)'
2023-03-15 08:31:28.621 +05:30 [INF] Route matched with {action = "LoginEmployee", controller = "Employee"}. Executing controller action with signature System.Threading.Tasks.Task`1[Microsoft.AspNetCore.Mvc.IActionResult] LoginEmployee(User) on controller Application.Controllers.EmployeeController (Application).
2023-03-15 08:31:28.834 +05:30 [INF] Executing ViewResult, running view LoginEmployee.
2023-03-15 08:31:28.840 +05:30 [INF] Executed ViewResult - view LoginEmployee executed in 5.6869ms.
2023-03-15 08:31:28.840 +05:30 [INF] Executed action Application.Controllers.EmployeeController.LoginEmployee (Application) in 219.429ms
2023-03-15 08:31:28.840 +05:30 [INF] Executed endpoint 'Application.Controllers.EmployeeController.LoginEmployee (Application)'
2023-03-15 08:31:28.846 +05:30 [INF] Request finished HTTP/1.1 POST http://localhost:5170/Employee/LoginEmployee application/x-www-form-urlencoded 259 - 200 - text/html;+charset=utf-8 249.2762ms
2023-03-15 08:31:28.860 +05:30 [INF] Request starting HTTP/1.1 GET http://localhost:5170/_framework/aspnetcore-browser-refresh.js - -
2023-03-15 08:31:28.860 +05:30 [INF] Request finished HTTP/1.1 GET http://localhost:5170/_framework/aspnetcore-browser-refresh.js - - - 200 11966 application/javascript;+charset=utf-8 0.2089ms
2023-03-15 08:31:37.432 +05:30 [INF] Request starting HTTP/1.1 POST http://localhost:5170/Employee/LoginEmployee application/x-www-form-urlencoded 246
2023-03-15 08:31:37.432 +05:30 [INF] Executing endpoint 'Application.Controllers.EmployeeController.LoginEmployee (Application)'
2023-03-15 08:31:37.432 +05:30 [INF] Route matched with {action = "LoginEmployee", controller = "Employee"}. Executing controller action with signature System.Threading.Tasks.Task`1[Microsoft.AspNetCore.Mvc.IActionResult] LoginEmployee(User) on controller Application.Controllers.EmployeeController (Application).
2023-03-15 08:31:37.439 +05:30 [INF] Executing RedirectResult, redirecting to /RaiseBill/Success.
2023-03-15 08:31:37.439 +05:30 [INF] Executed action Application.Controllers.EmployeeController.LoginEmployee (Application) in 7.1107ms
2023-03-15 08:31:37.439 +05:30 [INF] Executed endpoint 'Application.Controllers.EmployeeController.LoginEmployee (Application)'
2023-03-15 08:31:37.440 +05:30 [INF] Request finished HTTP/1.1 POST http://localhost:5170/Employee/LoginEmployee application/x-www-form-urlencoded 246 - 302 0 - 7.9100ms
2023-03-15 08:31:37.443 +05:30 [INF] Request starting HTTP/1.1 GET http://localhost:5170/RaiseBill/Success - -
2023-03-15 08:31:37.444 +05:30 [INF] Executing endpoint 'RaiseBillController.Controllers.RaiseBillController.Success (Application)'
2023-03-15 08:31:37.446 +05:30 [INF] Route matched with {action = "Success", controller = "RaiseBill"}. Executing controller action with signature Microsoft.AspNetCore.Mvc.IActionResult Success() on controller RaiseBillController.Controllers.RaiseBillController (Application).
2023-03-15 08:31:37.448 +05:30 [INF] Executing ViewResult, running view Success.
2023-03-15 08:31:37.500 +05:30 [INF] Executed ViewResult - view Success executed in 53.3493ms.
2023-03-15 08:31:37.500 +05:30 [INF] Executed action RaiseBillController.Controllers.RaiseBillController.Success (Application) in 54.5331ms
2023-03-15 08:31:37.500 +05:30 [INF] Executed endpoint 'RaiseBillController.Controllers.RaiseBillController.Success (Application)'
2023-03-15 08:31:37.501 +05:30 [INF] Request finished HTTP/1.1 GET http://localhost:5170/RaiseBill/Success - - - 200 - text/html;+charset=utf-8 57.3431ms
2023-03-15 08:31:37.516 +05:30 [INF] Request starting HTTP/1.1 GET http://localhost:5170/_framework/aspnetcore-browser-refresh.js - -
2023-03-15 08:31:37.516 +05:30 [INF] Request finished HTTP/1.1 GET http://localhost:5170/_framework/aspnetcore-browser-refresh.js - - - 200 11966 application/javascript;+charset=utf-8 0.1900ms
2023-03-15 08:31:38.593 +05:30 [INF] Request starting HTTP/1.1 GET http://localhost:5170/RaiseBill - -
2023-03-15 08:31:38.594 +05:30 [INF] Executing endpoint 'RaiseBillController.Controllers.RaiseBillController.Index (Application)'
2023-03-15 08:31:38.595 +05:30 [INF] Route matched with {action = "Index", controller = "RaiseBill"}. Executing controller action with signature Microsoft.AspNetCore.Mvc.IActionResult Index() on controller RaiseBillController.Controllers.RaiseBillController (Application).
2023-03-15 08:31:38.597 +05:30 [INF] Executing ViewResult, running view Index.
2023-03-15 08:31:38.608 +05:30 [INF] Executed ViewResult - view Index executed in 12.1922ms.
2023-03-15 08:31:38.608 +05:30 [INF] Executed action RaiseBillController.Controllers.RaiseBillController.Index (Application) in 13.0891ms
2023-03-15 08:31:38.608 +05:30 [INF] Executed endpoint 'RaiseBillController.Controllers.RaiseBillController.Index (Application)'
2023-03-15 08:31:38.609 +05:30 [INF] Request finished HTTP/1.1 GET http://localhost:5170/RaiseBill - - - 200 - text/html;+charset=utf-8 14.9687ms
2023-03-15 08:31:38.618 +05:30 [INF] Request starting HTTP/1.1 GET http://localhost:5170/_framework/aspnetcore-browser-refresh.js - -
2023-03-15 08:31:38.618 +05:30 [INF] Request finished HTTP/1.1 GET http://localhost:5170/_framework/aspnetcore-browser-refresh.js - - - 200 11966 application/javascript;+charset=utf-8 0.1859ms
2023-03-15 08:31:40.540 +05:30 [INF] Request starting HTTP/1.1 GET http://localhost:5170/_framework/aspnetcore-browser-refresh.js - -
2023-03-15 08:31:40.541 +05:30 [INF] Request finished HTTP/1.1 GET http://localhost:5170/_framework/aspnetcore-browser-refresh.js - - - 200 11966 application/javascript;+charset=utf-8 0.3626ms
2023-03-15 08:31:41.604 +05:30 [INF] Request starting HTTP/1.1 GET http://localhost:5170/Employee/LoginEmployee - -
2023-03-15 08:31:41.604 +05:30 [INF] Executing endpoint 'Application.Controllers.EmployeeController.LoginEmployee (Application)'
2023-03-15 08:31:41.604 +05:30 [INF] Route matched with {action = "LoginEmployee", controller = "Employee"}. Executing controller action with signature Microsoft.AspNetCore.Mvc.IActionResult LoginEmployee() on controller Application.Controllers.EmployeeController (Application).
2023-03-15 08:31:41.604 +05:30 [INF] Executing ViewResult, running view LoginEmployee.
2023-03-15 08:31:41.607 +05:30 [INF] Executed ViewResult - view LoginEmployee executed in 3.2597ms.
2023-03-15 08:31:41.608 +05:30 [INF] Executed action Application.Controllers.EmployeeController.LoginEmployee (Application) in 3.8207ms
2023-03-15 08:31:41.608 +05:30 [INF] Executed endpoint 'Application.Controllers.EmployeeController.LoginEmployee (Application)'
2023-03-15 08:31:41.608 +05:30 [INF] Request finished HTTP/1.1 GET http://localhost:5170/Employee/LoginEmployee - - - 200 - text/html;+charset=utf-8 4.6553ms
2023-03-15 08:31:41.617 +05:30 [INF] Request starting HTTP/1.1 GET http://localhost:5170/_framework/aspnetcore-browser-refresh.js - -
2023-03-15 08:31:41.617 +05:30 [INF] Request finished HTTP/1.1 GET http://localhost:5170/_framework/aspnetcore-browser-refresh.js - - - 200 11966 application/javascript;+charset=utf-8 0.1486ms
2023-03-15 08:31:58.626 +05:30 [INF] Application is shutting down...
2023-03-15 09:37:43.152 +05:30 [INF] User profile is available. Using 'C:\Users\INDUJA\AppData\Local\ASP.NET\DataProtection-Keys' as key repository and Windows DPAPI to encrypt keys at rest.
2023-03-15 09:37:43.200 +05:30 [INF] Now listening on: http://localhost:5170
2023-03-15 09:37:43.202 +05:30 [INF] Application started. Press Ctrl+C to shut down.
2023-03-15 09:37:43.203 +05:30 [INF] Hosting environment: Development
2023-03-15 09:37:43.203 +05:30 [INF] Content root path: C:\Users\INDUJA\OneDrive\Desktop\entityframe\appDup1\Travel\Application
2023-03-15 09:37:44.244 +05:30 [INF] Request starting HTTP/1.1 GET http://localhost:5170/ - -
2023-03-15 09:37:44.252 +05:30 [WRN] Failed to determine the https port for redirect.
2023-03-15 09:37:44.272 +05:30 [INF] Executing endpoint 'Application.Controllers.HomeController.Index (Application)'
2023-03-15 09:37:44.289 +05:30 [INF] Route matched with {action = "Index", controller = "Home"}. Executing controller action with signature Microsoft.AspNetCore.Mvc.IActionResult Index() on controller Application.Controllers.HomeController (Application).
2023-03-15 09:37:44.317 +05:30 [INF] Executing RedirectResult, redirecting to /Error/Index.
2023-03-15 09:37:44.319 +05:30 [INF] Executed action Application.Controllers.HomeController.Index (Application) in 28.0013ms
2023-03-15 09:37:44.320 +05:30 [INF] Executed endpoint 'Application.Controllers.HomeController.Index (Application)'
2023-03-15 09:37:44.323 +05:30 [INF] Request finished HTTP/1.1 GET http://localhost:5170/ - - - 302 0 - 83.5546ms
2023-03-15 09:37:44.332 +05:30 [INF] Request starting HTTP/1.1 GET http://localhost:5170/Error/Index - -
2023-03-15 09:37:44.334 +05:30 [INF] Executing endpoint 'Application.Controllers.ErrorController.Index (Application)'
2023-03-15 09:37:44.335 +05:30 [INF] Route matched with {action = "Index", controller = "Error"}. Executing controller action with signature Microsoft.AspNetCore.Mvc.IActionResult Index() on controller Application.Controllers.ErrorController (Application).
2023-03-15 09:37:44.341 +05:30 [INF] Executing ViewResult, running view Index.
2023-03-15 09:37:44.389 +05:30 [INF] Executed ViewResult - view Index executed in 52.1137ms.
2023-03-15 09:37:44.389 +05:30 [INF] Executed action Application.Controllers.ErrorController.Index (Application) in 54.1754ms
2023-03-15 09:37:44.389 +05:30 [INF] Executed endpoint 'Application.Controllers.ErrorController.Index (Application)'
2023-03-15 09:37:44.398 +05:30 [INF] Request finished HTTP/1.1 GET http://localhost:5170/Error/Index - - - 200 - text/html;+charset=utf-8 65.2895ms
2023-03-15 09:37:44.413 +05:30 [INF] Request starting HTTP/1.1 GET http://localhost:5170/_framework/aspnetcore-browser-refresh.js - -
2023-03-15 09:37:44.416 +05:30 [INF] Request finished HTTP/1.1 GET http://localhost:5170/_framework/aspnetcore-browser-refresh.js - - - 200 11966 application/javascript;+charset=utf-8 4.5885ms
2023-03-15 09:37:53.508 +05:30 [INF] Application is shutting down...
2023-03-15 11:01:39.125 +05:30 [INF] User profile is available. Using 'C:\Users\INDUJA\AppData\Local\ASP.NET\DataProtection-Keys' as key repository and Windows DPAPI to encrypt keys at rest.
2023-03-15 11:01:39.193 +05:30 [INF] Now listening on: http://localhost:5170
2023-03-15 11:01:39.197 +05:30 [INF] Application started. Press Ctrl+C to shut down.
2023-03-15 11:01:39.197 +05:30 [INF] Hosting environment: Development
2023-03-15 11:01:39.197 +05:30 [INF] Content root path: C:\Users\INDUJA\OneDrive\Desktop\entityframe\appDup1\Travel\Application
2023-03-15 11:01:40.780 +05:30 [INF] Request starting HTTP/1.1 GET http://localhost:5170/ - -
2023-03-15 11:01:40.796 +05:30 [WRN] Failed to determine the https port for redirect.
2023-03-15 11:01:40.831 +05:30 [INF] Executing endpoint 'Application.Controllers.HomeController.Index (Application)'
2023-03-15 11:01:40.863 +05:30 [INF] Route matched with {action = "Index", controller = "Home"}. Executing controller action with signature Microsoft.AspNetCore.Mvc.IActionResult Index() on controller Application.Controllers.HomeController (Application).
2023-03-15 11:01:40.878 +05:30 [INF] Executing ViewResult, running view Index.
2023-03-15 11:01:40.947 +05:30 [INF] Executed ViewResult - view Index executed in 73.1757ms.
2023-03-15 11:01:40.948 +05:30 [INF] Executed action Application.Controllers.HomeController.Index (Application) in 84.0072ms
2023-03-15 11:01:40.948 +05:30 [INF] Executed endpoint 'Application.Controllers.HomeController.Index (Application)'
2023-03-15 11:01:40.958 +05:30 [INF] Request finished HTTP/1.1 GET http://localhost:5170/ - - - 200 - text/html;+charset=utf-8 179.7677ms
2023-03-15 11:01:40.992 +05:30 [INF] Request starting HTTP/1.1 GET http://localhost:5170/_framework/aspnetcore-browser-refresh.js - -
2023-03-15 11:01:40.994 +05:30 [INF] Request finished HTTP/1.1 GET http://localhost:5170/_framework/aspnetcore-browser-refresh.js - - - 200 11966 application/javascript;+charset=utf-8 1.9088ms
2023-03-15 11:01:41.003 +05:30 [INF] Request starting HTTP/1.1 GET http://localhost:5170/Images/Home.png - -
2023-03-15 11:01:41.017 +05:30 [INF] The file /Images/Home.png was not modified
2023-03-15 11:01:41.018 +05:30 [INF] Request finished HTTP/1.1 GET http://localhost:5170/Images/Home.png - - - 304 - image/png 14.7951ms
2023-03-15 11:01:46.544 +05:30 [INF] Request starting HTTP/1.1 GET http://localhost:5170/MultiLogin - -
2023-03-15 11:01:46.550 +05:30 [INF] Executing endpoint 'Application.Controllers.MultiLogin.Index (Application)'
2023-03-15 11:01:46.552 +05:30 [INF] Route matched with {action = "Index", controller = "MultiLogin"}. Executing controller action with signature Microsoft.AspNetCore.Mvc.IActionResult Index() on controller Application.Controllers.MultiLogin (Application).
2023-03-15 11:01:46.554 +05:30 [INF] Executing ViewResult, running view Index.
2023-03-15 11:01:46.563 +05:30 [INF] Executed ViewResult - view Index executed in 10.4876ms.
2023-03-15 11:01:46.564 +05:30 [INF] Executed action Application.Controllers.MultiLogin.Index (Application) in 11.4038ms
2023-03-15 11:01:46.564 +05:30 [INF] Executed endpoint 'Application.Controllers.MultiLogin.Index (Application)'
2023-03-15 11:01:46.564 +05:30 [INF] Request finished HTTP/1.1 GET http://localhost:5170/MultiLogin - - - 200 - text/html;+charset=utf-8 19.7330ms
2023-03-15 11:01:46.585 +05:30 [INF] Request starting HTTP/1.1 GET http://localhost:5170/_framework/aspnetcore-browser-refresh.js - -
2023-03-15 11:01:46.586 +05:30 [INF] Request finished HTTP/1.1 GET http://localhost:5170/_framework/aspnetcore-browser-refresh.js - - - 200 11966 application/javascript;+charset=utf-8 0.6849ms
2023-03-15 11:01:49.415 +05:30 [INF] Request starting HTTP/1.1 GET http://localhost:5170/Employee/LoginEmployee - -
2023-03-15 11:01:49.420 +05:30 [INF] Executing endpoint 'Application.Controllers.EmployeeController.LoginEmployee (Application)'
2023-03-15 11:01:49.421 +05:30 [INF] Route matched with {action = "LoginEmployee", controller = "Employee"}. Executing controller action with signature Microsoft.AspNetCore.Mvc.IActionResult LoginEmployee() on controller Application.Controllers.EmployeeController (Application).
2023-03-15 11:01:49.424 +05:30 [INF] Executing ViewResult, running view LoginEmployee.
2023-03-15 11:01:49.585 +05:30 [INF] Executed ViewResult - view LoginEmployee executed in 161.9216ms.
2023-03-15 11:01:49.588 +05:30 [INF] Executed action Application.Controllers.EmployeeController.LoginEmployee (Application) in 166.945ms
2023-03-15 11:01:49.589 +05:30 [INF] Executed endpoint 'Application.Controllers.EmployeeController.LoginEmployee (Application)'
2023-03-15 11:01:49.590 +05:30 [INF] Request finished HTTP/1.1 GET http://localhost:5170/Employee/LoginEmployee - - - 200 - text/html;+charset=utf-8 175.4862ms
2023-03-15 11:01:49.600 +05:30 [INF] Request starting HTTP/1.1 GET http://localhost:5170/_framework/aspnetcore-browser-refresh.js - -
2023-03-15 11:01:49.600 +05:30 [INF] Request finished HTTP/1.1 GET http://localhost:5170/_framework/aspnetcore-browser-refresh.js - - - 200 11966 application/javascript;+charset=utf-8 0.1831ms
2023-03-15 11:01:52.993 +05:30 [INF] Request starting HTTP/1.1 GET http://localhost:5170/MultiLogin - -
2023-03-15 11:01:52.993 +05:30 [INF] Executing endpoint 'Application.Controllers.MultiLogin.Index (Application)'
2023-03-15 11:01:52.994 +05:30 [INF] Route matched with {action = "Index", controller = "MultiLogin"}. Executing controller action with signature Microsoft.AspNetCore.Mvc.IActionResult Index() on controller Application.Controllers.MultiLogin (Application).
2023-03-15 11:01:52.994 +05:30 [INF] Executing ViewResult, running view Index.
2023-03-15 11:01:52.996 +05:30 [INF] Executed ViewResult - view Index executed in 2.6305ms.
2023-03-15 11:01:52.997 +05:30 [INF] Executed action Application.Controllers.MultiLogin.Index (Application) in 2.9736ms
2023-03-15 11:01:52.997 +05:30 [INF] Executed endpoint 'Application.Controllers.MultiLogin.Index (Application)'
2023-03-15 11:01:52.997 +05:30 [INF] Request finished HTTP/1.1 GET http://localhost:5170/MultiLogin - - - 200 - text/html;+charset=utf-8 4.0381ms
2023-03-15 11:01:53.010 +05:30 [INF] Request starting HTTP/1.1 GET http://localhost:5170/_framework/aspnetcore-browser-refresh.js - -
2023-03-15 11:01:53.010 +05:30 [INF] Request finished HTTP/1.1 GET http://localhost:5170/_framework/aspnetcore-browser-refresh.js - - - 200 11966 application/javascript;+charset=utf-8 0.2490ms
2023-03-15 11:01:54.391 +05:30 [INF] Request starting HTTP/1.1 GET http://localhost:5170/Employee/LoginEmployee - -
2023-03-15 11:01:54.393 +05:30 [INF] Executing endpoint 'Application.Controllers.EmployeeController.LoginEmployee (Application)'
2023-03-15 11:01:54.394 +05:30 [INF] Route matched with {action = "LoginEmployee", controller = "Employee"}. Executing controller action with signature Microsoft.AspNetCore.Mvc.IActionResult LoginEmployee() on controller Application.Controllers.EmployeeController (Application).
2023-03-15 11:01:54.394 +05:30 [INF] Executing ViewResult, running view LoginEmployee.
2023-03-15 11:01:54.403 +05:30 [INF] Executed ViewResult - view LoginEmployee executed in 8.9297ms.
2023-03-15 11:01:54.403 +05:30 [INF] Executed action Application.Controllers.EmployeeController.LoginEmployee (Application) in 9.8076ms
2023-03-15 11:01:54.404 +05:30 [INF] Executed endpoint 'Application.Controllers.EmployeeController.LoginEmployee (Application)'
2023-03-15 11:01:54.404 +05:30 [INF] Request finished HTTP/1.1 GET http://localhost:5170/Employee/LoginEmployee - - - 200 - text/html;+charset=utf-8 12.8414ms
2023-03-15 11:01:54.413 +05:30 [INF] Request starting HTTP/1.1 GET http://localhost:5170/_framework/aspnetcore-browser-refresh.js - -
2023-03-15 11:01:54.413 +05:30 [INF] Request finished HTTP/1.1 GET http://localhost:5170/_framework/aspnetcore-browser-refresh.js - - - 200 11966 application/javascript;+charset=utf-8 0.6682ms
2023-03-15 11:01:57.902 +05:30 [INF] Request starting HTTP/1.1 GET http://localhost:5170/MultiLogin - -
2023-03-15 11:01:57.902 +05:30 [INF] Executing endpoint 'Application.Controllers.MultiLogin.Index (Application)'
2023-03-15 11:01:57.902 +05:30 [INF] Route matched with {action = "Index", controller = "MultiLogin"}. Executing controller action with signature Microsoft.AspNetCore.Mvc.IActionResult Index() on controller Application.Controllers.MultiLogin (Application).
2023-03-15 11:01:57.903 +05:30 [INF] Executing ViewResult, running view Index.
2023-03-15 11:01:57.904 +05:30 [INF] Executed ViewResult - view Index executed in 1.1083ms.
2023-03-15 11:01:57.904 +05:30 [INF] Executed action Application.Controllers.MultiLogin.Index (Application) in 1.3631ms
2023-03-15 11:01:57.904 +05:30 [INF] Executed endpoint 'Application.Controllers.MultiLogin.Index (Application)'
2023-03-15 11:01:57.904 +05:30 [INF] Request finished HTTP/1.1 GET http://localhost:5170/MultiLogin - - - 200 - text/html;+charset=utf-8 2.5048ms
2023-03-15 11:01:57.915 +05:30 [INF] Request starting HTTP/1.1 GET http://localhost:5170/_framework/aspnetcore-browser-refresh.js - -
2023-03-15 11:01:57.916 +05:30 [INF] Request finished HTTP/1.1 GET http://localhost:5170/_framework/aspnetcore-browser-refresh.js - - - 200 11966 application/javascript;+charset=utf-8 0.1770ms
2023-03-15 11:01:59.478 +05:30 [INF] Request starting HTTP/1.1 GET http://localhost:5170/Manager/LoginManager - -
2023-03-15 11:01:59.478 +05:30 [INF] Executing endpoint 'Application.Controllers.ManagerController.LoginManager (Application)'
2023-03-15 11:01:59.483 +05:30 [INF] Route matched with {action = "LoginManager", controller = "Manager"}. Executing controller action with signature Microsoft.AspNetCore.Mvc.IActionResult LoginManager() on controller Application.Controllers.ManagerController (Application).
2023-03-15 11:01:59.485 +05:30 [INF] Executing ViewResult, running view LoginManager.
2023-03-15 11:01:59.515 +05:30 [INF] Executed ViewResult - view LoginManager executed in 31.7706ms.
2023-03-15 11:01:59.515 +05:30 [INF] Executed action Application.Controllers.ManagerController.LoginManager (Application) in 32.7681ms
2023-03-15 11:01:59.516 +05:30 [INF] Executed endpoint 'Application.Controllers.ManagerController.LoginManager (Application)'
2023-03-15 11:01:59.516 +05:30 [INF] Request finished HTTP/1.1 GET http://localhost:5170/Manager/LoginManager - - - 200 - text/html;+charset=utf-8 38.0840ms
2023-03-15 11:01:59.524 +05:30 [INF] Request starting HTTP/1.1 GET http://localhost:5170/_framework/aspnetcore-browser-refresh.js - -
2023-03-15 11:01:59.524 +05:30 [INF] Request finished HTTP/1.1 GET http://localhost:5170/_framework/aspnetcore-browser-refresh.js - - - 200 11966 application/javascript;+charset=utf-8 0.1713ms
2023-03-15 11:02:13.150 +05:30 [INF] Request starting HTTP/1.1 POST http://localhost:5170/Manager/LoginManager application/x-www-form-urlencoded 246
2023-03-15 11:02:13.150 +05:30 [INF] Executing endpoint 'Application.Controllers.ManagerController.LoginManager (Application)'
2023-03-15 11:02:13.179 +05:30 [INF] Route matched with {action = "LoginManager", controller = "Manager"}. Executing controller action with signature Microsoft.AspNetCore.Mvc.IActionResult LoginManager(User) on controller Application.Controllers.ManagerController (Application).
2023-03-15 11:02:13.477 +05:30 [INF] Executing ViewResult, running view Success.
2023-03-15 11:02:13.487 +05:30 [ERR] The view 'Success' was not found. Searched locations: ["/Views/Manager/Success.cshtml","/Views/Shared/Success.cshtml"]
2023-03-15 11:02:13.502 +05:30 [INF] Executed action Application.Controllers.ManagerController.LoginManager (Application) in 322.9339ms
2023-03-15 11:02:13.503 +05:30 [INF] Executed endpoint 'Application.Controllers.ManagerController.LoginManager (Application)'
2023-03-15 11:02:13.532 +05:30 [ERR] An unhandled exception has occurred while executing the request.
System.InvalidOperationException: The view 'Success' was not found. The following locations were searched:
/Views/Manager/Success.cshtml
/Views/Shared/Success.cshtml
   at Microsoft.AspNetCore.Mvc.ViewEngines.ViewEngineResult.EnsureSuccessful(IEnumerable`1 originalLocations)
   at Microsoft.AspNetCore.Mvc.ViewFeatures.ViewResultExecutor.ExecuteAsync(ActionContext context, ViewResult result)
   at Microsoft.AspNetCore.Mvc.ViewResult.ExecuteResultAsync(ActionContext context)
   at Microsoft.AspNetCore.Mvc.Infrastructure.ResourceInvoker.<InvokeNextResultFilterAsync>g__Awaited|30_0[TFilter,TFilterAsync](ResourceInvoker invoker, Task lastTask, State next, Scope scope, Object state, Boolean isCompleted)
   at Microsoft.AspNetCore.Mvc.Infrastructure.ResourceInvoker.Rethrow(ResultExecutedContextSealed context)
   at Microsoft.AspNetCore.Mvc.Infrastructure.ResourceInvoker.ResultNext[TFilter,TFilterAsync](State& next, Scope& scope, Object& state, Boolean& isCompleted)
   at Microsoft.AspNetCore.Mvc.Infrastructure.ResourceInvoker.InvokeResultFilters()
--- End of stack trace from previous location ---
   at Microsoft.AspNetCore.Mvc.Infrastructure.ResourceInvoker.<InvokeNextResourceFilter>g__Awaited|25_0(ResourceInvoker invoker, Task lastTask, State next, Scope scope, Object state, Boolean isCompleted)
   at Microsoft.AspNetCore.Mvc.Infrastructure.ResourceInvoker.Rethrow(ResourceExecutedContextSealed context)
   at Microsoft.AspNetCore.Mvc.Infrastructure.ResourceInvoker.Next(State& next, Scope& scope, Object& state, Boolean& isCompleted)
   at Microsoft.AspNetCore.Mvc.Infrastructure.ResourceInvoker.InvokeFilterPipelineAsync()
--- End of stack trace from previous location ---
   at Microsoft.AspNetCore.Mvc.Infrastructure.ResourceInvoker.<InvokeAsync>g__Logged|17_1(ResourceInvoker invoker)
   at Microsoft.AspNetCore.Mvc.Infrastructure.ResourceInvoker.<InvokeAsync>g__Logged|17_1(ResourceInvoker invoker)
   at Microsoft.AspNetCore.Routing.EndpointMiddleware.<Invoke>g__AwaitRequestTask|6_0(Endpoint endpoint, Task requestTask, ILogger logger)
   at Microsoft.AspNetCore.Authorization.AuthorizationMiddleware.Invoke(HttpContext context)
   at Microsoft.AspNetCore.Authentication.AuthenticationMiddleware.Invoke(HttpContext context)
   at Microsoft.AspNetCore.Diagnostics.DeveloperExceptionPageMiddlewareImpl.Invoke(HttpContext context)
2023-03-15 11:02:13.580 +05:30 [INF] Request finished HTTP/1.1 POST http://localhost:5170/Manager/LoginManager application/x-www-form-urlencoded 246 - 500 - text/html;+charset=utf-8 430.1507ms
2023-03-15 11:02:13.594 +05:30 [INF] Request starting HTTP/1.1 GET http://localhost:5170/_framework/aspnetcore-browser-refresh.js - -
2023-03-15 11:02:13.604 +05:30 [INF] Request finished HTTP/1.1 GET http://localhost:5170/_framework/aspnetcore-browser-refresh.js - - - 200 11966 application/javascript;+charset=utf-8 10.2702ms
2023-03-15 11:02:55.855 +05:30 [INF] Request starting HTTP/1.1 POST http://localhost:5170/Manager/LoginManager application/x-www-form-urlencoded 246
2023-03-15 11:02:55.855 +05:30 [INF] Executing endpoint 'Application.Controllers.ManagerController.LoginManager (Application)'
2023-03-15 11:02:55.859 +05:30 [INF] Route matched with {action = "LoginManager", controller = "Manager"}. Executing controller action with signature Microsoft.AspNetCore.Mvc.IActionResult LoginManager(User) on controller Application.Controllers.ManagerController (Application).
2023-03-15 11:02:55.866 +05:30 [INF] Executing ViewResult, running view Success.
2023-03-15 11:02:55.867 +05:30 [ERR] The view 'Success' was not found. Searched locations: ["/Views/Manager/Success.cshtml","/Views/Shared/Success.cshtml"]
2023-03-15 11:02:55.867 +05:30 [INF] Executed action Application.Controllers.ManagerController.LoginManager (Application) in 7.7233ms
2023-03-15 11:02:55.867 +05:30 [INF] Executed endpoint 'Application.Controllers.ManagerController.LoginManager (Application)'
2023-03-15 11:02:55.868 +05:30 [ERR] An unhandled exception has occurred while executing the request.
System.InvalidOperationException: The view 'Success' was not found. The following locations were searched:
/Views/Manager/Success.cshtml
/Views/Shared/Success.cshtml
   at Microsoft.AspNetCore.Mvc.ViewEngines.ViewEngineResult.EnsureSuccessful(IEnumerable`1 originalLocations)
   at Microsoft.AspNetCore.Mvc.ViewFeatures.ViewResultExecutor.ExecuteAsync(ActionContext context, ViewResult result)
   at Microsoft.AspNetCore.Mvc.ViewResult.ExecuteResultAsync(ActionContext context)
   at Microsoft.AspNetCore.Mvc.Infrastructure.ResourceInvoker.<InvokeNextResultFilterAsync>g__Awaited|30_0[TFilter,TFilterAsync](ResourceInvoker invoker, Task lastTask, State next, Scope scope, Object state, Boolean isCompleted)
   at Microsoft.AspNetCore.Mvc.Infrastructure.ResourceInvoker.Rethrow(ResultExecutedContextSealed context)
   at Microsoft.AspNetCore.Mvc.Infrastructure.ResourceInvoker.ResultNext[TFilter,TFilterAsync](State& next, Scope& scope, Object& state, Boolean& isCompleted)
   at Microsoft.AspNetCore.Mvc.Infrastructure.ResourceInvoker.InvokeResultFilters()
--- End of stack trace from previous location ---
   at Microsoft.AspNetCore.Mvc.Infrastructure.ResourceInvoker.<InvokeNextResourceFilter>g__Awaited|25_0(ResourceInvoker invoker, Task lastTask, State next, Scope scope, Object state, Boolean isCompleted)
   at Microsoft.AspNetCore.Mvc.Infrastructure.ResourceInvoker.Rethrow(ResourceExecutedContextSealed context)
   at Microsoft.AspNetCore.Mvc.Infrastructure.ResourceInvoker.Next(State& next, Scope& scope, Object& state, Boolean& isCompleted)
   at Microsoft.AspNetCore.Mvc.Infrastructure.ResourceInvoker.InvokeFilterPipelineAsync()
--- End of stack trace from previous location ---
   at Microsoft.AspNetCore.Mvc.Infrastructure.ResourceInvoker.<InvokeAsync>g__Logged|17_1(ResourceInvoker invoker)
   at Microsoft.AspNetCore.Mvc.Infrastructure.ResourceInvoker.<InvokeAsync>g__Logged|17_1(ResourceInvoker invoker)
   at Microsoft.AspNetCore.Routing.EndpointMiddleware.<Invoke>g__AwaitRequestTask|6_0(Endpoint endpoint, Task requestTask, ILogger logger)
   at Microsoft.AspNetCore.Authorization.AuthorizationMiddleware.Invoke(HttpContext context)
   at Microsoft.AspNetCore.Authentication.AuthenticationMiddleware.Invoke(HttpContext context)
   at Microsoft.AspNetCore.Diagnostics.DeveloperExceptionPageMiddlewareImpl.Invoke(HttpContext context)
2023-03-15 11:02:55.872 +05:30 [INF] Request finished HTTP/1.1 POST http://localhost:5170/Manager/LoginManager application/x-www-form-urlencoded 246 - 500 - text/html;+charset=utf-8 17.2090ms
2023-03-15 11:02:55.890 +05:30 [INF] Request starting HTTP/1.1 GET http://localhost:5170/_framework/aspnetcore-browser-refresh.js - -
2023-03-15 11:02:55.891 +05:30 [INF] Request finished HTTP/1.1 GET http://localhost:5170/_framework/aspnetcore-browser-refresh.js - - - 200 11966 application/javascript;+charset=utf-8 0.3123ms
2023-03-15 11:02:58.223 +05:30 [INF] Application is shutting down...
2023-03-15 11:03:06.193 +05:30 [INF] User profile is available. Using 'C:\Users\INDUJA\AppData\Local\ASP.NET\DataProtection-Keys' as key repository and Windows DPAPI to encrypt keys at rest.
2023-03-15 11:03:06.247 +05:30 [INF] Now listening on: http://localhost:5170
2023-03-15 11:03:06.249 +05:30 [INF] Application started. Press Ctrl+C to shut down.
2023-03-15 11:03:06.250 +05:30 [INF] Hosting environment: Development
2023-03-15 11:03:06.250 +05:30 [INF] Content root path: C:\Users\INDUJA\OneDrive\Desktop\entityframe\appDup1\Travel\Application
2023-03-15 11:03:06.484 +05:30 [INF] Request starting HTTP/1.1 GET http://localhost:5170/ - -
2023-03-15 11:03:06.512 +05:30 [WRN] Failed to determine the https port for redirect.
2023-03-15 11:03:06.555 +05:30 [INF] Executing endpoint 'Application.Controllers.HomeController.Index (Application)'
2023-03-15 11:03:06.592 +05:30 [INF] Route matched with {action = "Index", controller = "Home"}. Executing controller action with signature Microsoft.AspNetCore.Mvc.IActionResult Index() on controller Application.Controllers.HomeController (Application).
2023-03-15 11:03:06.605 +05:30 [INF] Executing ViewResult, running view Index.
2023-03-15 11:03:06.687 +05:30 [INF] Executed ViewResult - view Index executed in 85.865ms.
2023-03-15 11:03:06.688 +05:30 [INF] Executed action Application.Controllers.HomeController.Index (Application) in 96.0787ms
2023-03-15 11:03:06.688 +05:30 [INF] Executed endpoint 'Application.Controllers.HomeController.Index (Application)'
2023-03-15 11:03:06.699 +05:30 [INF] Request finished HTTP/1.1 GET http://localhost:5170/ - - - 200 - text/html;+charset=utf-8 221.0860ms
2023-03-15 11:03:06.736 +05:30 [INF] Request starting HTTP/1.1 GET http://localhost:5170/_framework/aspnetcore-browser-refresh.js - -
2023-03-15 11:03:06.738 +05:30 [INF] Request finished HTTP/1.1 GET http://localhost:5170/_framework/aspnetcore-browser-refresh.js - - - 200 11966 application/javascript;+charset=utf-8 1.6237ms
2023-03-15 11:03:08.711 +05:30 [INF] Request starting HTTP/1.1 GET http://localhost:5170/MultiLogin - -
2023-03-15 11:03:08.717 +05:30 [INF] Executing endpoint 'Application.Controllers.MultiLogin.Index (Application)'
2023-03-15 11:03:08.720 +05:30 [INF] Route matched with {action = "Index", controller = "MultiLogin"}. Executing controller action with signature Microsoft.AspNetCore.Mvc.IActionResult Index() on controller Application.Controllers.MultiLogin (Application).
2023-03-15 11:03:08.722 +05:30 [INF] Executing ViewResult, running view Index.
2023-03-15 11:03:08.735 +05:30 [INF] Executed ViewResult - view Index executed in 14.0751ms.
2023-03-15 11:03:08.735 +05:30 [INF] Executed action Application.Controllers.MultiLogin.Index (Application) in 15.303ms
2023-03-15 11:03:08.735 +05:30 [INF] Executed endpoint 'Application.Controllers.MultiLogin.Index (Application)'
2023-03-15 11:03:08.736 +05:30 [INF] Request finished HTTP/1.1 GET http://localhost:5170/MultiLogin - - - 200 - text/html;+charset=utf-8 24.3601ms
2023-03-15 11:03:08.838 +05:30 [INF] Request starting HTTP/1.1 GET http://localhost:5170/_framework/aspnetcore-browser-refresh.js - -
2023-03-15 11:03:08.838 +05:30 [INF] Request finished HTTP/1.1 GET http://localhost:5170/_framework/aspnetcore-browser-refresh.js - - - 200 11966 application/javascript;+charset=utf-8 0.3523ms
2023-03-15 11:03:10.646 +05:30 [INF] Request starting HTTP/1.1 GET http://localhost:5170/Manager/LoginManager - -
2023-03-15 11:03:10.649 +05:30 [INF] Executing endpoint 'Application.Controllers.ManagerController.LoginManager (Application)'
2023-03-15 11:03:10.651 +05:30 [INF] Route matched with {action = "LoginManager", controller = "Manager"}. Executing controller action with signature Microsoft.AspNetCore.Mvc.IActionResult LoginManager() on controller Application.Controllers.ManagerController (Application).
2023-03-15 11:03:10.653 +05:30 [INF] Executing ViewResult, running view LoginManager.
2023-03-15 11:03:10.723 +05:30 [INF] Executed ViewResult - view LoginManager executed in 71.1281ms.
2023-03-15 11:03:10.724 +05:30 [INF] Executed action Application.Controllers.ManagerController.LoginManager (Application) in 73.5504ms
2023-03-15 11:03:10.725 +05:30 [INF] Executed endpoint 'Application.Controllers.ManagerController.LoginManager (Application)'
2023-03-15 11:03:10.725 +05:30 [INF] Request finished HTTP/1.1 GET http://localhost:5170/Manager/LoginManager - - - 200 - text/html;+charset=utf-8 78.9326ms
2023-03-15 11:03:10.735 +05:30 [INF] Request starting HTTP/1.1 GET http://localhost:5170/_framework/aspnetcore-browser-refresh.js - -
2023-03-15 11:03:10.735 +05:30 [INF] Request finished HTTP/1.1 GET http://localhost:5170/_framework/aspnetcore-browser-refresh.js - - - 200 11966 application/javascript;+charset=utf-8 0.2603ms
2023-03-15 11:03:18.096 +05:30 [INF] Request starting HTTP/1.1 POST http://localhost:5170/Manager/LoginManager application/x-www-form-urlencoded 259
2023-03-15 11:03:18.096 +05:30 [INF] Executing endpoint 'Application.Controllers.ManagerController.LoginManager (Application)'
2023-03-15 11:03:18.119 +05:30 [INF] Route matched with {action = "LoginManager", controller = "Manager"}. Executing controller action with signature Microsoft.AspNetCore.Mvc.IActionResult LoginManager(User) on controller Application.Controllers.ManagerController (Application).
2023-03-15 11:03:18.397 +05:30 [INF] Executing ViewResult, running view LoginManager.
2023-03-15 11:03:18.403 +05:30 [INF] Executed ViewResult - view LoginManager executed in 6.4942ms.
2023-03-15 11:03:18.404 +05:30 [INF] Executed action Application.Controllers.ManagerController.LoginManager (Application) in 283.9666ms
2023-03-15 11:03:18.404 +05:30 [INF] Executed endpoint 'Application.Controllers.ManagerController.LoginManager (Application)'
2023-03-15 11:03:18.404 +05:30 [INF] Request finished HTTP/1.1 POST http://localhost:5170/Manager/LoginManager application/x-www-form-urlencoded 259 - 200 - text/html;+charset=utf-8 308.5428ms
2023-03-15 11:03:18.434 +05:30 [INF] Request starting HTTP/1.1 GET http://localhost:5170/_framework/aspnetcore-browser-refresh.js - -
2023-03-15 11:03:18.434 +05:30 [INF] Request finished HTTP/1.1 GET http://localhost:5170/_framework/aspnetcore-browser-refresh.js - - - 200 11966 application/javascript;+charset=utf-8 0.3640ms
2023-03-15 11:03:26.214 +05:30 [INF] Request starting HTTP/1.1 POST http://localhost:5170/Manager/LoginManager application/x-www-form-urlencoded 247
2023-03-15 11:03:26.214 +05:30 [INF] Executing endpoint 'Application.Controllers.ManagerController.LoginManager (Application)'
2023-03-15 11:03:26.214 +05:30 [INF] Route matched with {action = "LoginManager", controller = "Manager"}. Executing controller action with signature Microsoft.AspNetCore.Mvc.IActionResult LoginManager(User) on controller Application.Controllers.ManagerController (Application).
2023-03-15 11:03:26.224 +05:30 [INF] Executing ViewResult, running view Success.
2023-03-15 11:03:26.238 +05:30 [ERR] The view 'Success' was not found. Searched locations: ["/Views/Manager/Success.cshtml","/Views/Shared/Success.cshtml"]
2023-03-15 11:03:26.244 +05:30 [INF] Executed action Application.Controllers.ManagerController.LoginManager (Application) in 29.186ms
2023-03-15 11:03:26.245 +05:30 [INF] Executed endpoint 'Application.Controllers.ManagerController.LoginManager (Application)'
2023-03-15 11:03:26.275 +05:30 [ERR] An unhandled exception has occurred while executing the request.
System.InvalidOperationException: The view 'Success' was not found. The following locations were searched:
/Views/Manager/Success.cshtml
/Views/Shared/Success.cshtml
   at Microsoft.AspNetCore.Mvc.ViewEngines.ViewEngineResult.EnsureSuccessful(IEnumerable`1 originalLocations)
   at Microsoft.AspNetCore.Mvc.ViewFeatures.ViewResultExecutor.ExecuteAsync(ActionContext context, ViewResult result)
   at Microsoft.AspNetCore.Mvc.ViewResult.ExecuteResultAsync(ActionContext context)
   at Microsoft.AspNetCore.Mvc.Infrastructure.ResourceInvoker.<InvokeNextResultFilterAsync>g__Awaited|30_0[TFilter,TFilterAsync](ResourceInvoker invoker, Task lastTask, State next, Scope scope, Object state, Boolean isCompleted)
   at Microsoft.AspNetCore.Mvc.Infrastructure.ResourceInvoker.Rethrow(ResultExecutedContextSealed context)
   at Microsoft.AspNetCore.Mvc.Infrastructure.ResourceInvoker.ResultNext[TFilter,TFilterAsync](State& next, Scope& scope, Object& state, Boolean& isCompleted)
   at Microsoft.AspNetCore.Mvc.Infrastructure.ResourceInvoker.InvokeResultFilters()
--- End of stack trace from previous location ---
   at Microsoft.AspNetCore.Mvc.Infrastructure.ResourceInvoker.<InvokeNextResourceFilter>g__Awaited|25_0(ResourceInvoker invoker, Task lastTask, State next, Scope scope, Object state, Boolean isCompleted)
   at Microsoft.AspNetCore.Mvc.Infrastructure.ResourceInvoker.Rethrow(ResourceExecutedContextSealed context)
   at Microsoft.AspNetCore.Mvc.Infrastructure.ResourceInvoker.Next(State& next, Scope& scope, Object& state, Boolean& isCompleted)
   at Microsoft.AspNetCore.Mvc.Infrastructure.ResourceInvoker.InvokeFilterPipelineAsync()
--- End of stack trace from previous location ---
   at Microsoft.AspNetCore.Mvc.Infrastructure.ResourceInvoker.<InvokeAsync>g__Logged|17_1(ResourceInvoker invoker)
   at Microsoft.AspNetCore.Mvc.Infrastructure.ResourceInvoker.<InvokeAsync>g__Logged|17_1(ResourceInvoker invoker)
   at Microsoft.AspNetCore.Routing.EndpointMiddleware.<Invoke>g__AwaitRequestTask|6_0(Endpoint endpoint, Task requestTask, ILogger logger)
   at Microsoft.AspNetCore.Authorization.AuthorizationMiddleware.Invoke(HttpContext context)
   at Microsoft.AspNetCore.Authentication.AuthenticationMiddleware.Invoke(HttpContext context)
   at Microsoft.AspNetCore.Diagnostics.DeveloperExceptionPageMiddlewareImpl.Invoke(HttpContext context)
2023-03-15 11:03:26.373 +05:30 [INF] Request finished HTTP/1.1 POST http://localhost:5170/Manager/LoginManager application/x-www-form-urlencoded 247 - 500 - text/html;+charset=utf-8 159.0838ms
2023-03-15 11:03:26.452 +05:30 [INF] Request starting HTTP/1.1 GET http://localhost:5170/_framework/aspnetcore-browser-refresh.js - -
2023-03-15 11:03:26.452 +05:30 [INF] Request finished HTTP/1.1 GET http://localhost:5170/_framework/aspnetcore-browser-refresh.js - - - 200 11966 application/javascript;+charset=utf-8 0.2398ms
